<?xml version="1.0" encoding="UTF-8"?>
<!-- Generated by org.testng.reporters.JUnitReportReporter -->
<testsuite hostname="abc-PC" failures="0" tests="1" name="MavenTestng.NewTest" time="83.674" errors="0" timestamp="2022-12-06T18:43:06 IST" skipped="0">
  <testcase classname="MavenTestng.NewTest" name="NewTest1" time="83.674"/>
  <system-out/>
</testsuite> <!-- MavenTestng.NewTest -->
